

HI-TECH Software 8051 Macro Assembler V9.60                                Page 1
                                                       Mon Mar 06 21:44:42 2023

     1                           	psect	idata,class=DATA,space=1,limit=080h
     2                           	psect	irdata,class=DATA,limit=080h
     3                           	global	_main
     4                           	signat	_main,88
     5                           	global	stack_internal
     6                           	psect	text,class=CODE
     7                           	psect	text
     8                           	file	"C:\Users\4D2B~1\Desktop\1321\PRACTI~1\mai
                                 n.c"
     9                           	line	3
    10  00003                     _main:
    11  00003  80 6E              	j	f1411
    12  00005                     f1410:
    13                           ;main.c: 2: void main()
    14                           
    15                           ;main.c: 3: {
    16                           
    17                           ;	var   _i assigned to ?a_main+0
    18                           ;	var   _j assigned to ?a_main+1
    19                           	psect	data,class=CODE
    20                           	psect	data
    21  00100                     F158:
    22  00100  C0                 	db	(192)
    23  00101  F9                 	db	(249)
    24  00102  A4                 	db	(164)
    25  00103  B0                 	db	(176)
    26  00104  99                 	db	(153)
    27  00105  92                 	db	(146)
    28  00106  82                 	db	(130)
    29  00107  F8                 	db	(248)
    30  00108  80                 	db	(128)
    31  00109  90                 	db	(144)
    32  0010A  FF                 	db	(255)
    33                           ;	var   _massiv assigned to ?a_main+2
    34                           ;main.c: 4: unsigned char i,j;
    35                           
    36                           ;main.c: 5: unsigned char massiv [11]=
    37                           
    38                           ;main.c: 6: {
    39                           
    40                           ;main.c: 7: 0xC0,
    41                           
    42                           ;main.c: 8: 0xF9,
    43                           
    44                           ;main.c: 9: 0xA4,
    45                           
    46                           ;main.c: 10: 0xB0,
    47                           
    48                           ;main.c: 11: 0x99,
    49                           
    50                           ;main.c: 12: 0x92,
    51                           
    52                           ;main.c: 13: 0x82,
    53                           
    54                           ;main.c: 14: 0xF8,
    55                           
    56                           ;main.c: 15: 0x80,
    57                           
    58                           ;main.c: 16: 0x90,
    59                           
    60                           ;main.c: 17: 0xFF
    61                           
    62                           ;main.c: 18: };
    63                           
    64                           	psect	text
    65                           	line	18
    66  00005  78 01              	mov	r0,#high (F158)
    67  00007  79 00              	mov	r1,#low (F158)
    68  00009  7A 00              	mov	r2,#high (?a_main+2)
    69  0000B  7B 22              	mov	r3,#low (?a_main+2)
    70  0000D  7D 0B              	mov	r5,#low 11
    71  0000F  7C 00              	mov	r4,#high 11
    72                           	global	str_copy
    73  00011  12 008B            	lcall	str_copy
    74                           ;main.c: 19: P2=massiv [10];
    75                           
    76                           	line	19
    77  00014  79 2C              	mov	r1,#?a_main+2+0Ah
    78  00016  87 A0              	mov	0A0h,@r1
    79                           ;main.c: 20: P1=0x00;
    80                           
    81                           	line	20
    82  00018  75 90 00           	mov	090h,#0
    83                           ;main.c: 29: while(1)
    84                           
    85                           	line	29
    86  0001B                     l5:
    87                           ;main.c: 30: {
    88                           
    89                           ;main.c: 31: for (i=0;i<11;i++)
    90                           
    91                           	line	31
    92  0001B  75 20  00          	mov	?a_main+0,#0
    93  0001E  E5 20              	mov	a,?a_main+0
    94  00020  24 F5              	add	a,#-0Bh
    95  00022  50 02              	bnc	u11
    96  00024  80 02              	jmp	u10
    97  00026                     u11:
    98  00026  80 02              	jmp	l7
    99  00028                     u10:
   100  00028  80 40              	jmp	l8
   101                           	line	32
   102  0002A                     l7:
   103                           ;main.c: 32: {
   104                           
   105                           ;main.c: 33: if (P10 > 0)
   106                           
   107                           	line	33
   108  0002A  30 90 02           	bnb	p1.0, u21
   109  0002D  80 02              	jmp	u20
   110  0002F                     u21:
   111  0002F  80 29              	jmp	l10
   112  00031                     u20:
   113                           ;main.c: 34: {
   114                           
   115                           ;main.c: 35: {
   116                           
   117                           ;main.c: 36: P2 = massiv[i];
   118                           
   119                           	line	36
   120  00031  74 22              	mov	a,#?a_main+2
   121  00033  A9 20              	mov	r1,?a_main+0
   122  00035  78 00              	mov	r0,#0
   123  00037  29                 	add	a,r1
   124  00038  F9                 	mov	r1,a
   125  00039  87 A0              	mov	0A0h,@r1
   126                           ;main.c: 37: for(j=0;j<50;j++){continue;}
   127                           
   128                           	line	37
   129  0003B  75 21  00          	mov	?a_main+1,#0
   130  0003E  E5 21              	mov	a,?a_main+1
   131  00040  24 CE              	add	a,#-032h
   132  00042  50 02              	bnc	u31
   133  00044  80 02              	jmp	u30
   134  00046                     u31:
   135  00046  80 02              	jmp	l11
   136  00048                     u30:
   137  00048  80 0E              	jmp	l12
   138  0004A                     l11:
   139  0004A  80 00              	jmp	l13
   140  0004C                     l13:
   141  0004C  05 21              	inc	?a_main+1
   142  0004E  E5 21              	mov	a,?a_main+1
   143  00050  24 CE              	add	a,#-032h
   144  00052  50 02              	bnc	u41
   145  00054  80 02              	jmp	u40
   146  00056                     u41:
   147  00056  80 F2              	jmp	l11
   148  00058                     u40:
   149  00058                     l12:
   150                           ;main.c: 38: }
   151                           
   152                           ;main.c: 39: }
   153                           
   154                           	line	39
   155  00058  80 04              	jmp	l14
   156                           	line	40
   157  0005A                     l10:
   158                           ;main.c: 40: else{P2=massiv[10];}
   159                           
   160  0005A  79 2C              	mov	r1,#?a_main+2+0Ah
   161  0005C  87 A0              	mov	0A0h,@r1
   162  0005E                     l14:
   163                           	line	31
   164  0005E  05 20              	inc	?a_main+0
   165  00060  E5 20              	mov	a,?a_main+0
   166  00062  24 F5              	add	a,#-0Bh
   167  00064  50 02              	bnc	u51
   168  00066  80 02              	jmp	u50
   169  00068                     u51:
   170  00068  80 C0              	jmp	l7
   171  0006A                     u50:
   172  0006A                     l8:
   173                           	line	42
   174  0006A                     l4:
   175                           	line	29
   176  0006A  80 AF              	jmp	l5
   177  0006C                     l6:
   178                           ;main.c: 41: }
   179                           
   180                           ;main.c: 42: }
   181                           
   182                           ;main.c: 43: P2=massiv[10];
   183                           
   184                           	line	43
   185  0006C  79 2C              	mov	r1,#?a_main+2+0Ah
   186  0006E  87 A0              	mov	0A0h,@r1
   187                           ;main.c: 44: while(1);
   188                           
   189                           	line	44
   190  00070                     l16:
   191  00070                     l15:
   192  00070  80 FE              	jmp	l16
   193  00072                     l17:
   194                           ;main.c: 45: }
   195                           
   196                           	line	45
   197  00072                     l3:
   198  00072  22                 	ret
   199  00073                     f1411:
   200  00073  80 90              	j	f1410
   201                           	FNSIZE	_main,13,0
   202                           	global	?a_main
   203  0000                     f1412	equ	0
   204  0000                     _A10	equ	162
   205  0000                     _A11	equ	163
   206  0000                     _A12	equ	164
   207  0000                     _A13	equ	165
   208  0000                     _A14	equ	166
   209  0000                     _A15	equ	167
   210  0000                     _A8	equ	160
   211  0000                     _A9	equ	161
   212  0000                     _AC	equ	214
   213  0000                     _ACC0	equ	224
   214  0000                     _ACC1	equ	225
   215  0000                     _ACC2	equ	226
   216  0000                     _ACC3	equ	227
   217  0000                     _ACC4	equ	228
   218  0000                     _ACC5	equ	229
   219  0000                     _ACC6	equ	230
   220  0000                     _ACC7	equ	231
   221  0000                     _AD0	equ	128
   222  0000                     _AD1	equ	129
   223  0000                     _AD2	equ	130
   224  0000                     _AD3	equ	131
   225  0000                     _AD4	equ	132
   226  0000                     _AD5	equ	133
   227  0000                     _AD6	equ	134
   228  0000                     _AD7	equ	135
   229  0000                     _B0	equ	240
   230  0000                     _B1	equ	241
   231  0000                     _B2	equ	242
   232  0000                     _B3	equ	243
   233  0000                     _B4	equ	244
   234  0000                     _B5	equ	245
   235  0000                     _B6	equ	246
   236  0000                     _B7	equ	247
   237  0000                     _CY	equ	215
   238  0000                     _EA	equ	175
   239  0000                     _ES	equ	172
   240  0000                     _ET0	equ	169
   241  0000                     _ET1	equ	171
   242  0000                     _EX0	equ	168
   243  0000                     _EX1	equ	170
   244  0000                     _F0	equ	213
   245  0000                     _IE0	equ	137
   246  0000                     _IE1	equ	139
   247  0000                     _INT0	equ	178
   248  0000                     _INT1	equ	179
   249  0000                     _IT0	equ	136
   250  0000                     _IT1	equ	138
   251  0000                     _OV	equ	210
   252  0000                     _P	equ	208
   253  0000                     _P00	equ	128
   254  0000                     _P01	equ	129
   255  0000                     _P02	equ	130
   256  0000                     _P03	equ	131
   257  0000                     _P04	equ	132
   258  0000                     _P05	equ	133
   259  0000                     _P06	equ	134
   260  0000                     _P07	equ	135
   261  0000                     _P10	equ	144
   262  0000                     _P11	equ	145
   263  0000                     _P12	equ	146
   264  0000                     _P13	equ	147
   265  0000                     _P14	equ	148
   266  0000                     _P15	equ	149
   267  0000                     _P16	equ	150
   268  0000                     _P17	equ	151
   269  0000                     _P20	equ	160
   270  0000                     _P21	equ	161
   271  0000                     _P22	equ	162
   272  0000                     _P23	equ	163
   273  0000                     _P24	equ	164
   274  0000                     _P25	equ	165
   275  0000                     _P26	equ	166
   276  0000                     _P27	equ	167
   277  0000                     _P30	equ	176
   278  0000                     _P31	equ	177
   279  0000                     _P32	equ	178
   280  0000                     _P33	equ	179
   281  0000                     _P34	equ	180
   282  0000                     _P35	equ	181
   283  0000                     _P36	equ	182
   284  0000                     _P37	equ	183
   285  0000                     _PS	equ	188
   286  0000                     _PT0	equ	185
   287  0000                     _PT1	equ	187
   288  0000                     _PX0	equ	184
   289  0000                     _PX1	equ	186
   290  0000                     _RB8	equ	154
   291  0000                     _RD	equ	183
   292  0000                     _REN	equ	156
   293  0000                     _RI	equ	152
   294  0000                     _RS0	equ	211
   295  0000                     _RS1	equ	212
   296  0000                     _RXD	equ	176
   297  0000                     _SM0	equ	159
   298  0000                     _SM1	equ	158
   299  0000                     _SM2	equ	157
   300  0000                     _T0	equ	180
   301  0000                     _T1	equ	181
   302  0000                     _TB8	equ	155
   303  0000                     _TF0	equ	141
   304  0000                     _TF1	equ	143
   305  0000                     _TI	equ	153
   306  0000                     _TR0	equ	140
   307  0000                     _TR1	equ	142
   308  0000                     _TXD	equ	177
   309  0000                     _WR	equ	182
   310  0000                     _ACC	equ	224
   311  0000                     _B	equ	240
   312  0000                     _DPH	equ	131
   313  0000                     _DPL	equ	130
   314  0000                     _IE	equ	168
   315  0000                     _IP	equ	184
   316  0000                     _P0	equ	128
   317  0000                     _P1	equ	144
   318  0000                     _P2	equ	160
   319  0000                     _P3	equ	176
   320  0000                     _PCON	equ	135
   321  0000                     _PSW	equ	208
   322  0000                     _SBUF	equ	153
   323  0000                     _SCON	equ	152
   324  0000                     _SP	equ	129
   325  0000                     _TCON	equ	136
   326  0000                     _TH0	equ	140
   327  0000                     _TH1	equ	141
   328  0000                     _TL0	equ	138
   329  0000                     _TL1	equ	139
   330  0000                     _TMOD	equ	137
   331  0000                     _ACC_BITS	equ	224
   332  0000                     _B_BITS	equ	240
   333  0000                     _IE_BITS	equ	168
   334  0000                     _IP_BITS	equ	184
   335  0000                     _P0_BITS	equ	128
   336  0000                     _P1_BITS	equ	144
   337  0000                     _P2_BITS	equ	160
   338  0000                     _P3_BITS	equ	176
   339  0000                     _PCON_BITS	equ	135
   340  0000                     _PSW_BITS	equ	208
   341  0000                     _SCON_BITS	equ	152
   342  0000                     _TCON_BITS	equ	136
   343  0000                     _TMOD_BITS	equ	137


HI-TECH Software 8051 Macro Assembler V9.60                                Page 2
Symbol Table                                           Mon Mar 06 21:44:42 2023

       ?a_main 00020              _B 000F0              l3 00072  
            l4 0006A              l5 0001B              _P 000D0  
            l6 0006C              l7 0002A              l8 0006A  
           _B0 000F0             _B1 000F1             _B2 000F2  
           _B3 000F3             _B4 000F4             _B5 000F5  
           _B6 000F6             _A8 000A0             _B7 000F7  
           _A9 000A1             _F0 000D5             _AC 000D6  
           l10 0005A             l11 0004A             l12 00058  
           l13 0004C             l14 0005E             _EA 000AF  
           l15 00070             l16 00070             l17 00072  
           _P0 00080             _P1 00090             _P2 000A0  
           _P3 000B0             _IE 000A8             _T0 000B4  
           _T1 000B5             _ES 000AC             _CY 000D7  
           _IP 000B8             _RD 000B7             u10 00028  
           u11 00026             u20 00031             _RI 00098  
           u21 0002F             u30 00048             u31 00046  
           u40 00058             _TI 00099             u41 00056  
           u50 0006A             _PS 000BC             u51 00068  
           _OV 000D2             _SP 00081             _WR 000B6  
       _B_BITS 000F0            F158 00100            _A10 000A2  
          _A11 000A3            _A12 000A4            _A13 000A5  
          _A14 000A6            _A15 000A7            _AD0 00080  
          _AD1 00081            _AD2 00082            _AD3 00083  
          _AD4 00084            _AD5 00085            _AD6 00086  
          _AD7 00087            _ACC 000E0            _P00 00080  
          _P01 00081            _P10 00090            _P02 00082  
          _P11 00091            _P03 00083            _P20 000A0  
          _P12 00092            _P04 00084            _P21 000A1  
          _P13 00093            _P05 00085            _P30 000B0  
          _P22 000A2            _P14 00094            _P06 00086  
          _P31 000B1            _P23 000A3            _P15 00095  
          _P07 00087            _P32 000B2            _P24 000A4  
          _P16 00096            _P33 000B3            _P25 000A5  
          _P17 00097            _P34 000B4            _P26 000A6  
          _P35 000B5            _P27 000A7            _P36 000B6  
          _P37 000B7            _IE0 00089            _IE1 0008B  
          _ET0 000A9            _ET1 000AB            _EX0 000A8  
          _EX1 000AA            _DPH 00083            _DPL 00082  
          _IT0 00088            _IT1 0008A            _RB8 0009A  
          _TF0 0008D            _TB8 0009B            _TF1 0008F  
          _TH0 0008C            _TH1 0008D            _SM0 0009F  
          _SM1 0009E            _TL0 0008A            _SM2 0009D  
          _PT0 000B9            _TL1 0008B            _PT1 000BB  
          _RS0 000D3            _RS1 000D4            _REN 0009C  
          _PX0 000B8            _PX1 000BA            _TR0 0008C  
          _TR1 0008E            _RXD 000B0            _PSW 000D0  
          _TXD 000B1        _P0_BITS 00080        _P1_BITS 00090  
      _P2_BITS 000A0        _P3_BITS 000B0        _IE_BITS 000A8  
     _ACC_BITS 000E0        _IP_BITS 000B8           f1410 00005  
         f1411 00073           f1412 00000           _ACC0 000E0  
         _ACC1 000E1           _ACC2 000E2           _ACC3 000E3  
         _ACC4 000E4           _ACC5 000E5           _ACC6 000E6  
         _ACC7 000E7  stack_internal 00001           _INT0 000B2  
         _INT1 000B3           _PCON 00087           _SCON 00098  
         _SBUF 00099           _TCON 00088           _TMOD 00089  
         _main 00003       _PSW_BITS 000D0      _PCON_BITS 00087  
    _SCON_BITS 00098      _TCON_BITS 00088        str_copy 0008B  
    _TMOD_BITS 00089  
